11/11/2025, 10:46:10 PM GMT+2 0: 

----------------------------------------------
11/11/2025, 10:46:10 PM GMT+2 1: Discord starting: {"releaseChannel":"stable","version":"0.0.114"}, modulepath: /home/clevex/.config/discord/0.0.114/modules
11/11/2025, 10:46:10 PM GMT+2 2: ✅ webContents.created web1 ""
11/11/2025, 10:46:10 PM GMT+2 3: ✅ window.created win1 "discord"
11/11/2025, 10:46:10 PM GMT+2 4: ✅ webContents.did-finish-load web1
11/11/2025, 10:46:20 PM GMT+2 5: ✅ webContents.created web2 ""
11/11/2025, 10:46:20 PM GMT+2 6: ✅ window.created win2 "Discord"
11/11/2025, 10:46:21 PM GMT+2 7: ✅ webContents.did-finish-load web2
11/11/2025, 10:46:22 PM GMT+2 8: window.close win1
11/11/2025, 10:46:22 PM GMT+2 9: webContents.destroyed web1
11/11/2025, 10:46:22 PM GMT+2 10: window.closed win1
11/11/2025, 10:46:40 PM GMT+2 11: window.close win2
11/11/2025, 11:27:32 PM GMT+2 0: 

----------------------------------------------
11/11/2025, 11:27:32 PM GMT+2 1: Discord starting: {"releaseChannel":"stable","version":"0.0.114"}, modulepath: /home/clevex/.config/discord/0.0.114/modules
11/11/2025, 11:28:54 PM GMT+2 12: window.close win2
11/12/2025, 12:03:29 AM GMT+2 13: before-quit
11/12/2025, 12:03:29 AM GMT+2 14: window.close win2
11/12/2025, 4:12:52 PM GMT+2 0: 

----------------------------------------------
11/12/2025, 4:12:52 PM GMT+2 1: Discord starting: {"releaseChannel":"stable","version":"0.0.114"}, modulepath: /home/clevex/.config/discord/0.0.114/modules
11/12/2025, 4:12:52 PM GMT+2 2: ✅ webContents.created web1 ""
11/12/2025, 4:12:52 PM GMT+2 3: ✅ window.created win1 "discord"
11/12/2025, 4:12:52 PM GMT+2 4: ✅ webContents.did-finish-load web1
11/12/2025, 4:12:52 PM GMT+2 5: ✅ webContents.created web2 ""
11/12/2025, 4:12:52 PM GMT+2 6: ✅ window.created win2 "Discord"
11/12/2025, 4:12:53 PM GMT+2 7: ✅ webContents.did-finish-load web2
11/12/2025, 4:12:54 PM GMT+2 8: window.close win1
11/12/2025, 4:12:54 PM GMT+2 9: webContents.destroyed web1
11/12/2025, 4:12:54 PM GMT+2 10: window.closed win1
11/12/2025, 4:13:04 PM GMT+2 11: window.close win2
11/12/2025, 5:19:57 PM GMT+2 12: before-quit
11/12/2025, 5:19:57 PM GMT+2 13: window.close win2
11/12/2025, 6:52:42 PM GMT+2 0: 

----------------------------------------------
11/12/2025, 6:52:42 PM GMT+2 1: Discord starting: {"releaseChannel":"stable","version":"0.0.114"}, modulepath: /home/clevex/.config/discord/0.0.114/modules
11/12/2025, 6:52:42 PM GMT+2 2: ✅ webContents.created web1 ""
11/12/2025, 6:52:42 PM GMT+2 3: ✅ window.created win1 "discord"
11/12/2025, 6:52:43 PM GMT+2 4: ✅ webContents.did-finish-load web1
11/12/2025, 6:52:43 PM GMT+2 5: ✅ webContents.created web2 ""
11/12/2025, 6:52:43 PM GMT+2 6: ✅ window.created win2 "Discord"
11/12/2025, 6:52:44 PM GMT+2 7: ✅ webContents.did-finish-load web2
11/12/2025, 6:52:45 PM GMT+2 8: window.close win1
11/12/2025, 6:52:45 PM GMT+2 9: webContents.destroyed web1
11/12/2025, 6:52:45 PM GMT+2 10: window.closed win1
11/12/2025, 7:13:42 PM GMT+2 11: window.close win2
11/12/2025, 7:57:13 PM GMT+2 0: 

----------------------------------------------
11/12/2025, 7:57:13 PM GMT+2 1: Discord starting: {"releaseChannel":"stable","version":"0.0.114"}, modulepath: /home/clevex/.config/discord/0.0.114/modules
11/12/2025, 7:57:28 PM GMT+2 12: window.close win2
11/13/2025, 1:59:32 AM GMT+2 0: 

----------------------------------------------
11/13/2025, 1:59:32 AM GMT+2 1: Discord starting: {"releaseChannel":"stable","version":"0.0.114"}, modulepath: /home/clevex/.config/discord/0.0.114/modules
11/13/2025, 2:31:44 AM GMT+2 13: window.close win2
11/13/2025, 3:24:19 AM GMT+2 14: before-quit
11/13/2025, 3:24:20 AM GMT+2 15: window.close win2
11/13/2025, 10:58:08 PM GMT+2 0: 

----------------------------------------------
11/13/2025, 10:58:08 PM GMT+2 1: Discord starting: {"releaseChannel":"stable","version":"0.0.114"}, modulepath: /home/clevex/.config/discord/0.0.114/modules
11/13/2025, 10:58:08 PM GMT+2 2: ✅ webContents.created web1 ""
11/13/2025, 10:58:08 PM GMT+2 3: ✅ window.created win1 "discord"
11/13/2025, 10:58:08 PM GMT+2 4: ✅ webContents.did-finish-load web1
11/13/2025, 10:58:08 PM GMT+2 5: ✅ webContents.created web2 ""
11/13/2025, 10:58:08 PM GMT+2 6: ✅ window.created win2 "Discord"
11/13/2025, 10:58:10 PM GMT+2 7: ✅ webContents.did-finish-load web2
11/13/2025, 10:58:11 PM GMT+2 8: window.close win1
11/13/2025, 10:58:11 PM GMT+2 9: webContents.destroyed web1
11/13/2025, 10:58:11 PM GMT+2 10: window.closed win1
11/13/2025, 10:59:26 PM GMT+2 11: window.close win2
11/13/2025, 11:08:33 PM GMT+2 0: 

----------------------------------------------
11/13/2025, 11:08:33 PM GMT+2 1: Discord starting: {"releaseChannel":"stable","version":"0.0.114"}, modulepath: /home/clevex/.config/discord/0.0.114/modules
11/13/2025, 11:08:38 PM GMT+2 12: window.close win2
11/13/2025, 11:21:28 PM GMT+2 0: 

----------------------------------------------
11/13/2025, 11:21:28 PM GMT+2 1: Discord starting: {"releaseChannel":"stable","version":"0.0.114"}, modulepath: /home/clevex/.config/discord/0.0.114/modules
11/13/2025, 11:21:34 PM GMT+2 13: window.close win2
11/13/2025, 11:22:07 PM GMT+2 0: 

----------------------------------------------
11/13/2025, 11:22:07 PM GMT+2 1: Discord starting: {"releaseChannel":"stable","version":"0.0.114"}, modulepath: /home/clevex/.config/discord/0.0.114/modules
11/13/2025, 11:22:14 PM GMT+2 14: window.close win2
11/13/2025, 11:39:21 PM GMT+2 0: 

----------------------------------------------
11/13/2025, 11:39:21 PM GMT+2 1: Discord starting: {"releaseChannel":"stable","version":"0.0.114"}, modulepath: /home/clevex/.config/discord/0.0.114/modules
11/13/2025, 11:39:30 PM GMT+2 15: window.close win2
11/14/2025, 12:51:56 AM GMT+2 0: 

----------------------------------------------
11/14/2025, 12:51:56 AM GMT+2 1: Discord starting: {"releaseChannel":"stable","version":"0.0.114"}, modulepath: /home/clevex/.config/discord/0.0.114/modules
