[2025-Nov-10 22:44:48.988 +02:00][140329:140329][info ] Logging initialized
[2025-Nov-10 22:44:48.988 +02:00][140329:140329][info ] Initializing krisp SDK...
[2025-Nov-10 22:44:48.988 +02:00][140329:140329][info ] DoKrispInitialize
[2025-Nov-10 22:44:49.276 +02:00][140329:140329][info ] LoadDynamicKrisp
[2025-Nov-10 22:44:49.276 +02:00][140329:140329][info ] Did not find KRISP_DYLIB_PATH, skipping dynamic loading
[2025-Nov-10 22:44:49.276 +02:00][140329:140329][info ] Initializing Krisp SDK in PID 140329, addr 0x7fdbd8d8cf90
[2025-Nov-10 22:44:49.276 +02:00][140329:140329][info ] Initialized Krisp SDK successfully
[2025-Nov-10 22:44:49.276 +02:00][140329:140329][info ] Krisp SDK initialized
[2025-Nov-10 23:57:29.113 +02:00][249883:249883][info ] Logging initialized
[2025-Nov-10 23:57:29.113 +02:00][249883:249883][info ] Initializing krisp SDK...
[2025-Nov-10 23:57:29.113 +02:00][249883:249883][info ] DoKrispInitialize
[2025-Nov-10 23:57:29.430 +02:00][249883:249883][info ] LoadDynamicKrisp
[2025-Nov-10 23:57:29.430 +02:00][249883:249883][info ] Did not find KRISP_DYLIB_PATH, skipping dynamic loading
[2025-Nov-10 23:57:29.430 +02:00][249883:249883][info ] Initializing Krisp SDK in PID 249883, addr 0x7f835f38cf90
[2025-Nov-10 23:57:29.431 +02:00][249883:249883][info ] Initialized Krisp SDK successfully
[2025-Nov-10 23:57:29.431 +02:00][249883:249883][info ] Krisp SDK initialized
[2025-Nov-11 00:03:37.187 +02:00][ 5185: 5185][info ] Logging initialized
[2025-Nov-11 00:03:37.187 +02:00][ 5185: 5185][info ] Initializing krisp SDK...
[2025-Nov-11 00:03:37.187 +02:00][ 5185: 5185][info ] DoKrispInitialize
[2025-Nov-11 00:03:37.481 +02:00][ 5185: 5185][info ] LoadDynamicKrisp
[2025-Nov-11 00:03:37.481 +02:00][ 5185: 5185][info ] Did not find KRISP_DYLIB_PATH, skipping dynamic loading
[2025-Nov-11 00:03:37.481 +02:00][ 5185: 5185][info ] Initializing Krisp SDK in PID 5185, addr 0x7f572808cf90
[2025-Nov-11 00:03:37.481 +02:00][ 5185: 5185][info ] Initialized Krisp SDK successfully
[2025-Nov-11 00:03:37.481 +02:00][ 5185: 5185][info ] Krisp SDK initialized
[2025-Nov-11 22:46:28.384 +02:00][ 5236: 5236][info ] Logging initialized
[2025-Nov-11 22:46:28.384 +02:00][ 5236: 5236][info ] Initializing krisp SDK...
[2025-Nov-11 22:46:28.384 +02:00][ 5236: 5236][info ] DoKrispInitialize
[2025-Nov-11 22:46:28.701 +02:00][ 5236: 5236][info ] LoadDynamicKrisp
[2025-Nov-11 22:46:28.701 +02:00][ 5236: 5236][info ] Did not find KRISP_DYLIB_PATH, skipping dynamic loading
[2025-Nov-11 22:46:28.701 +02:00][ 5236: 5236][info ] Initializing Krisp SDK in PID 5236, addr 0x7ff6f877cf90
[2025-Nov-11 22:46:28.701 +02:00][ 5236: 5236][info ] Initialized Krisp SDK successfully
[2025-Nov-11 22:46:28.701 +02:00][ 5236: 5236][info ] Krisp SDK initialized
[2025-Nov-12 16:12:54.172 +02:00][21580:21580][info ] Logging initialized
[2025-Nov-12 16:12:54.172 +02:00][21580:21580][info ] Initializing krisp SDK...
[2025-Nov-12 16:12:54.172 +02:00][21580:21580][info ] DoKrispInitialize
[2025-Nov-12 16:12:54.479 +02:00][21580:21580][info ] LoadDynamicKrisp
[2025-Nov-12 16:12:54.479 +02:00][21580:21580][info ] Did not find KRISP_DYLIB_PATH, skipping dynamic loading
[2025-Nov-12 16:12:54.479 +02:00][21580:21580][info ] Initializing Krisp SDK in PID 21580, addr 0x7fa41020cf90
[2025-Nov-12 16:12:54.480 +02:00][21580:21580][info ] Initialized Krisp SDK successfully
[2025-Nov-12 16:12:54.480 +02:00][21580:21580][info ] Krisp SDK initialized
[2025-Nov-12 18:52:45.001 +02:00][45566:45566][info ] Logging initialized
[2025-Nov-12 18:52:45.001 +02:00][45566:45566][info ] Initializing krisp SDK...
[2025-Nov-12 18:52:45.001 +02:00][45566:45566][info ] DoKrispInitialize
[2025-Nov-12 18:52:45.308 +02:00][45566:45566][info ] LoadDynamicKrisp
[2025-Nov-12 18:52:45.308 +02:00][45566:45566][info ] Did not find KRISP_DYLIB_PATH, skipping dynamic loading
[2025-Nov-12 18:52:45.308 +02:00][45566:45566][info ] Initializing Krisp SDK in PID 45566, addr 0x7e316333cf90
[2025-Nov-12 18:52:45.309 +02:00][45566:45566][info ] Initialized Krisp SDK successfully
[2025-Nov-12 18:52:45.309 +02:00][45566:45566][info ] Krisp SDK initialized
[2025-Nov-13 22:58:10.980 +02:00][37310:37310][info ] Logging initialized
[2025-Nov-13 22:58:10.980 +02:00][37310:37310][info ] Initializing krisp SDK...
[2025-Nov-13 22:58:10.980 +02:00][37310:37310][info ] DoKrispInitialize
[2025-Nov-13 22:58:11.284 +02:00][37310:37310][info ] LoadDynamicKrisp
[2025-Nov-13 22:58:11.284 +02:00][37310:37310][info ] Did not find KRISP_DYLIB_PATH, skipping dynamic loading
[2025-Nov-13 22:58:11.284 +02:00][37310:37310][info ] Initializing Krisp SDK in PID 37310, addr 0x7f0ece7bcf90
[2025-Nov-13 22:58:11.284 +02:00][37310:37310][info ] Initialized Krisp SDK successfully
[2025-Nov-13 22:58:11.284 +02:00][37310:37310][info ] Krisp SDK initialized
